<?xml version="1.0" encoding="UTF-8"?>
<!-- Generated by org.testng.reporters.JUnitXMLReporter -->
<testsuite ignored="0" hostname="Anshumans-MacBook-Pro.local" failures="1" tests="1" name="HubSpot Functional Regression Test - Chrome" time="59.453" errors="0" timestamp="2020-03-16T08:06:47 EDT">
  <testcase classname="com.qa.hubspot.tests.HomePageTest" name="verifyLoggedInUserTest" time="0.237">
    <failure type="java.lang.AssertionError" message="did not expect to find [Anshuman Sehgal] but found [null]">
      <![CDATA[java.lang.AssertionError: did not expect to find [Anshuman Sehgal] but found [null]
at com.qa.hubspot.tests.HomePageTest.verifyLoggedInUserTest(HomePageTest.java:74)
at java.base/java.util.ArrayList.forEach(ArrayList.java:1540)
at java.base/java.util.concurrent.FutureTask.run(FutureTask.java:264)
at java.base/java.util.concurrent.ThreadPoolExecutor.runWorker(ThreadPoolExecutor.java:1128)
at java.base/java.util.concurrent.ThreadPoolExecutor$Worker.run(ThreadPoolExecutor.java:628)
at java.base/java.lang.Thread.run(Thread.java:834)
... Removed 24 stack frames]]>
    </failure>
  </testcase> <!-- verifyLoggedInUserTest -->
</testsuite> <!-- HubSpot Functional Regression Test - Chrome -->
