<?xml version="1.0" encoding="UTF-8"?>
<!-- Generated by org.testng.reporters.JUnitXMLReporter -->
<testsuite ignored="1" hostname="Anshumans-MacBook-Pro.local" failures="2" tests="9" name="HubSpot Functional Regression Test" time="102.311" errors="0" timestamp="2020-03-18T19:12:11 EDT">
  <testcase classname="com.qa.hubspot.tests.LoginPageTest" name="@BeforeMethod setUp" time="-1.584573029273E9">
    <failure type="org.testng.TestNGException" message="
Parameter &amp;apos;browser&amp;apos; is required by BeforeMethod on method setUp but has not been marked @Optional or defined
in /Users/anshumansehgal/eclipse-workspace/NaveenPOMSeries/src/test/resources/testrunners/testng_Regression.xml">
      <![CDATA[org.testng.TestNGException: 
Parameter 'browser' is required by BeforeMethod on method setUp but has not been marked @Optional or defined
in /Users/anshumansehgal/eclipse-workspace/NaveenPOMSeries/src/test/resources/testrunners/testng_Regression.xml
at java.base/java.util.ArrayList.forEach(ArrayList.java:1540)
... Removed 28 stack frames]]>
    </failure>
  </testcase> <!-- @BeforeMethod setUp -->
  <testcase classname="com.qa.hubspot.tests.LoginPageTest" name="@AfterMethod tearDown" time="0.008">
    <failure type="java.lang.NullPointerException">
      <![CDATA[java.lang.NullPointerException
at com.qa.hubspot.tests.LoginPageTest.tearDown(LoginPageTest.java:100)
at java.base/java.util.ArrayList.forEach(ArrayList.java:1540)
... Removed 32 stack frames]]>
    </failure>
  </testcase> <!-- @AfterMethod tearDown -->
  <testcase classname="com.qa.hubspot.tests.LoginPageTest" name="@BeforeMethod setUp" time="-1.5845730294E9">
    <failure type="org.testng.TestNGException" message="
Parameter &amp;apos;browser&amp;apos; is required by BeforeMethod on method setUp but has not been marked @Optional or defined
in /Users/anshumansehgal/eclipse-workspace/NaveenPOMSeries/src/test/resources/testrunners/testng_Regression.xml">
      <![CDATA[org.testng.TestNGException: 
Parameter 'browser' is required by BeforeMethod on method setUp but has not been marked @Optional or defined
in /Users/anshumansehgal/eclipse-workspace/NaveenPOMSeries/src/test/resources/testrunners/testng_Regression.xml
at java.base/java.util.ArrayList.forEach(ArrayList.java:1540)
... Removed 28 stack frames]]>
    </failure>
  </testcase> <!-- @BeforeMethod setUp -->
  <testcase classname="com.qa.hubspot.tests.LoginPageTest" name="@AfterMethod tearDown" time="0.001">
    <failure type="java.lang.NullPointerException">
      <![CDATA[java.lang.NullPointerException
at com.qa.hubspot.tests.LoginPageTest.tearDown(LoginPageTest.java:100)
at java.base/java.util.ArrayList.forEach(ArrayList.java:1540)
... Removed 32 stack frames]]>
    </failure>
  </testcase> <!-- @AfterMethod tearDown -->
  <testcase classname="com.qa.hubspot.tests.LoginPageTest" name="@BeforeMethod setUp" time="-1.584573029446E9">
    <failure type="org.testng.TestNGException" message="
Parameter &amp;apos;browser&amp;apos; is required by BeforeMethod on method setUp but has not been marked @Optional or defined
in /Users/anshumansehgal/eclipse-workspace/NaveenPOMSeries/src/test/resources/testrunners/testng_Regression.xml">
      <![CDATA[org.testng.TestNGException: 
Parameter 'browser' is required by BeforeMethod on method setUp but has not been marked @Optional or defined
in /Users/anshumansehgal/eclipse-workspace/NaveenPOMSeries/src/test/resources/testrunners/testng_Regression.xml
at java.base/java.util.ArrayList.forEach(ArrayList.java:1540)
... Removed 28 stack frames]]>
    </failure>
  </testcase> <!-- @BeforeMethod setUp -->
  <testcase classname="com.qa.hubspot.tests.LoginPageTest" name="@AfterMethod tearDown" time="0.001">
    <failure type="java.lang.NullPointerException">
      <![CDATA[java.lang.NullPointerException
at com.qa.hubspot.tests.LoginPageTest.tearDown(LoginPageTest.java:100)
at java.base/java.util.ArrayList.forEach(ArrayList.java:1540)
... Removed 32 stack frames]]>
    </failure>
  </testcase> <!-- @AfterMethod tearDown -->
  <testcase classname="com.qa.hubspot.tests.LoginPageTest" name="verifyLoginPageTitleTest" time="0.0">
    <skipped/>
  </testcase> <!-- verifyLoginPageTitleTest -->
  <testcase classname="com.qa.hubspot.tests.LoginPageTest" name="verifySignUpLinkTest" time="0.0">
    <skipped/>
  </testcase> <!-- verifySignUpLinkTest -->
  <testcase classname="com.qa.hubspot.tests.LoginPageTest" name="loginTest" time="0.0">
    <skipped/>
  </testcase> <!-- loginTest -->
  <testcase classname="com.qa.hubspot.tests.HomePageTest" name="verifyHomePageTitleTest" time="1.252"/>
  <testcase classname="com.qa.hubspot.tests.HomePageTest" name="verifyHomePageHeader" time="0.041">
    <failure type="java.lang.AssertionError" message="did not expect to find [Service Dashboard] but found [null]">
      <![CDATA[java.lang.AssertionError: did not expect to find [Service Dashboard] but found [null]
at com.qa.hubspot.tests.HomePageTest.verifyHomePageHeader(HomePageTest.java:65)
at java.base/java.util.ArrayList.forEach(ArrayList.java:1540)
... Removed 33 stack frames]]>
    </failure>
  </testcase> <!-- verifyHomePageHeader -->
  <testcase classname="com.qa.hubspot.tests.HomePageTest" name="verifyLoggedInUserTest" time="0.048">
    <failure type="java.lang.AssertionError" message="did not expect to find [Anshuman Sehgal] but found [null]">
      <![CDATA[java.lang.AssertionError: did not expect to find [Anshuman Sehgal] but found [null]
at com.qa.hubspot.tests.HomePageTest.verifyLoggedInUserTest(HomePageTest.java:74)
at java.base/java.util.ArrayList.forEach(ArrayList.java:1540)
... Removed 33 stack frames]]>
    </failure>
  </testcase> <!-- verifyLoggedInUserTest -->
  <testcase classname="com.qa.hubspot.tests.ContactsPageTest" name="verifyContactsPageTitle" time="0.074"/>
  <testcase classname="com.qa.hubspot.tests.ContactsPageTest" name="createContactsTest" time="9.427"/>
  <testcase classname="com.qa.hubspot.tests.ContactsPageTest" name="createContactsTest" time="9.653"/>
  <testcase classname="com.qa.hubspot.tests.LoginPageTest" name="loginTest_WrongCredentials" time="0.0">
    <ignored/>
  </testcase> <!-- loginTest_WrongCredentials -->
</testsuite> <!-- HubSpot Functional Regression Test -->
