<!DOCTYPE html PUBLIC "-//W3C//DTD XHTML 1.1//EN" "http://www.w3.org/TR/xhtml11/DTD/xhtml11.dtd">
<html xmlns="http://www.w3.org/1999/xhtml">
<head>
<meta http-equiv="content-type" content="text/html; charset=UTF-8"/>
<title>TestNG Report</title>
<style type="text/css">table {margin-bottom:10px;border-collapse:collapse;empty-cells:show}th,td {border:1px solid #009;padding:.25em .5em}th {vertical-align:bottom}td {vertical-align:top}table a {font-weight:bold}.stripe td {background-color: #E6EBF9}.num {text-align:right}.passedodd td {background-color: #3F3}.passedeven td {background-color: #0A0}.skippedodd td {background-color: #DDD}.skippedeven td {background-color: #CCC}.failedodd td,.attn {background-color: #F33}.failedeven td,.stripe .attn {background-color: #D00}.stacktrace {white-space:pre;font-family:monospace}.totop {font-size:85%;text-align:center;border-bottom:2px solid #000}.invisible {display:none}</style>
</head>
<body>
<table>
<tr><th>Test</th><th># Passed</th><th># Skipped</th><th># Retried</th><th># Failed</th><th>Time (ms)</th><th>Included Groups</th><th>Excluded Groups</th></tr>
<tr><th colspan="7">HubSpot Regression Suite</th></tr>
<tr><td><a href="#t0">HubSpot Functional Regression Test - FF</a></td><td class="num">1</td><td class="num">0</td><td class="num">0</td><td class="num attn">2</td><td class="num">48,102</td><td></td><td></td></tr>
<tr class="stripe"><td><a href="#t1">HubSpot Functional Regression Test - Chrome</a></td><td class="num">1</td><td class="num">0</td><td class="num">0</td><td class="num attn">2</td><td class="num">59,453</td><td></td><td></td></tr>
<tr><th>Total</th><th class="num">2</th><th class="num">0</th><th class="num">0</th><th class="num attn">4</th><th class="num">107,555</th><th colspan="2"></th></tr>
</table>
<table id='summary'><thead><tr><th>Class</th><th>Method</th><th>Start</th><th>Time (ms)</th></tr></thead><tbody><tr><th colspan="4">HubSpot Regression Suite</th></tr></tbody><tbody id="t0"><tr><th colspan="4">HubSpot Functional Regression Test - FF &#8212; failed</th></tr><tr class="failedeven"><td rowspan="2">com.qa.hubspot.tests.LoginPageTest</td><td><a href="#m0">loginTest</a></td><td rowspan="1">1584360380189</td><td rowspan="1">10246</td></tr><tr class="failedeven"><td><a href="#m1">verifySignUpLinkTest</a></td><td rowspan="1">1584360370461</td><td rowspan="1">50</td></tr><tr><th colspan="4">HubSpot Functional Regression Test - FF &#8212; passed</th></tr><tr class="passedeven"><td rowspan="1">com.qa.hubspot.tests.LoginPageTest</td><td><a href="#m2">verifyLoginPageTitleTest</a></td><td rowspan="1">1584360356170</td><td rowspan="1">4271</td></tr></tbody>
<tbody id="t1"><tr><th colspan="4">HubSpot Functional Regression Test - Chrome &#8212; failed</th></tr><tr class="failedeven"><td rowspan="2">com.qa.hubspot.tests.HomePageTest</td><td><a href="#m3">verifyHomePageHeader</a></td><td rowspan="1">1584360386481</td><td rowspan="1">187</td></tr><tr class="failedeven"><td><a href="#m4">verifyLoggedInUserTest</a></td><td rowspan="1">1584360405926</td><td rowspan="1">237</td></tr><tr><th colspan="4">HubSpot Functional Regression Test - Chrome &#8212; passed</th></tr><tr class="passedeven"><td rowspan="1">com.qa.hubspot.tests.HomePageTest</td><td><a href="#m5">verifyHomePageTitleTest</a></td><td rowspan="1">1584360363387</td><td rowspan="1">6516</td></tr></tbody>
</table>
<h2>HubSpot Functional Regression Test - FF</h2><h3 id="m0">com.qa.hubspot.tests.LoginPageTest#loginTest</h3><table class="result"><tr><th>Exception</th></tr><tr><td><div class="stacktrace">java.lang.AssertionError: did not expect to find [Anshuman Sehgal] but found [null]
	at com.qa.hubspot.tests.LoginPageTest.loginTest(LoginPageTest.java:80)
	at java.base/java.util.ArrayList.forEach(ArrayList.java:1540)
	at java.base/java.util.concurrent.FutureTask.run(FutureTask.java:264)
	at java.base/java.util.concurrent.ThreadPoolExecutor.runWorker(ThreadPoolExecutor.java:1128)
	at java.base/java.util.concurrent.ThreadPoolExecutor$Worker.run(ThreadPoolExecutor.java:628)
	at java.base/java.lang.Thread.run(Thread.java:834)
... Removed 24 stack frames</div></td></tr></table><p class="totop"><a href="#summary">back to summary</a></p>
<h3 id="m1">com.qa.hubspot.tests.LoginPageTest#verifySignUpLinkTest</h3><table class="result"><tr><th>Exception</th></tr><tr><td><div class="stacktrace">java.lang.AssertionError: did not expect to find [true] but found [false]
	at com.qa.hubspot.tests.LoginPageTest.verifySignUpLinkTest(LoginPageTest.java:71)
	at java.base/java.util.ArrayList.forEach(ArrayList.java:1540)
	at java.base/java.util.concurrent.FutureTask.run(FutureTask.java:264)
	at java.base/java.util.concurrent.ThreadPoolExecutor.runWorker(ThreadPoolExecutor.java:1128)
	at java.base/java.util.concurrent.ThreadPoolExecutor$Worker.run(ThreadPoolExecutor.java:628)
	at java.base/java.lang.Thread.run(Thread.java:834)
... Removed 22 stack frames</div></td></tr></table><p class="totop"><a href="#summary">back to summary</a></p>
<h3 id="m2">com.qa.hubspot.tests.LoginPageTest#verifyLoginPageTitleTest</h3><table class="result"><tr><th class="invisible"/></tr></table><p class="totop"><a href="#summary">back to summary</a></p>
<h2>HubSpot Functional Regression Test - Chrome</h2><h3 id="m3">com.qa.hubspot.tests.HomePageTest#verifyHomePageHeader</h3><table class="result"><tr><th>Exception</th></tr><tr><td><div class="stacktrace">java.lang.AssertionError: did not expect to find [Service Dashboard] but found [null]
	at com.qa.hubspot.tests.HomePageTest.verifyHomePageHeader(HomePageTest.java:65)
	at java.base/java.util.ArrayList.forEach(ArrayList.java:1540)
	at java.base/java.util.concurrent.FutureTask.run(FutureTask.java:264)
	at java.base/java.util.concurrent.ThreadPoolExecutor.runWorker(ThreadPoolExecutor.java:1128)
	at java.base/java.util.concurrent.ThreadPoolExecutor$Worker.run(ThreadPoolExecutor.java:628)
	at java.base/java.lang.Thread.run(Thread.java:834)
... Removed 24 stack frames</div></td></tr></table><p class="totop"><a href="#summary">back to summary</a></p>
<h3 id="m4">com.qa.hubspot.tests.HomePageTest#verifyLoggedInUserTest</h3><table class="result"><tr><th>Exception</th></tr><tr><td><div class="stacktrace">java.lang.AssertionError: did not expect to find [Anshuman Sehgal] but found [null]
	at com.qa.hubspot.tests.HomePageTest.verifyLoggedInUserTest(HomePageTest.java:74)
	at java.base/java.util.ArrayList.forEach(ArrayList.java:1540)
	at java.base/java.util.concurrent.FutureTask.run(FutureTask.java:264)
	at java.base/java.util.concurrent.ThreadPoolExecutor.runWorker(ThreadPoolExecutor.java:1128)
	at java.base/java.util.concurrent.ThreadPoolExecutor$Worker.run(ThreadPoolExecutor.java:628)
	at java.base/java.lang.Thread.run(Thread.java:834)
... Removed 24 stack frames</div></td></tr></table><p class="totop"><a href="#summary">back to summary</a></p>
<h3 id="m5">com.qa.hubspot.tests.HomePageTest#verifyHomePageTitleTest</h3><table class="result"><tr><th class="invisible"/></tr></table><p class="totop"><a href="#summary">back to summary</a></p>
</body>
</html>
